Analysis & Synthesis report for Selection_Sort
Sun Dec  7 00:10:51 2025
Quartus Prime Version 24.1std.0 Build 1077 03/04/2025 SC Lite Edition


---------------------
; Table of Contents ;
---------------------
  1. Legal Notice
  2. Analysis & Synthesis Summary
  3. Analysis & Synthesis Settings
  4. Parallel Compilation
  5. Analysis & Synthesis Source Files Read
  6. Analysis & Synthesis Resource Usage Summary
  7. Analysis & Synthesis Resource Utilization by Entity
  8. State Machine - |Selection_Sort|ControlUnit:CONTROL_UNIT|state
  9. User-Specified and Inferred Latches
 10. Registers Removed During Synthesis
 11. Removed Registers Triggering Further Register Optimizations
 12. General Register Statistics
 13. Inverted Register Statistics
 14. Parameter Settings for User Entity Instance: Top-level Entity: |Selection_Sort
 15. Parameter Settings for User Entity Instance: DataPath:DATAPATH_UNIT
 16. Parameter Settings for User Entity Instance: DataPath:DATAPATH_UNIT|update_value_j:UPDATE_VALUE_J_UNIT
 17. Parameter Settings for User Entity Instance: DataPath:DATAPATH_UNIT|update_value_i:UPDATE_VALUE_I_UNIT
 18. Parameter Settings for User Entity Instance: DataPath:DATAPATH_UNIT|update_value_smmallest:UPDATE_VALUE_SMALLEST_UNIT
 19. Parameter Settings for User Entity Instance: DataPath:DATAPATH_UNIT|Swap_unit:SWAP_UNIT
 20. Parameter Settings for User Entity Instance: DataPath:DATAPATH_UNIT|Swap_unit:SWAP_UNIT|Swap_data:SWAP_DATA_UNIT
 21. Parameter Settings for User Entity Instance: DataPath:DATAPATH_UNIT|Swap_unit:SWAP_UNIT|Swap_addr:SWAP_ADDR_UNIT
 22. Parameter Settings for User Entity Instance: SinglePort_RAM:RAM_UNIT
 23. Port Connectivity Checks: "DataPath:DATAPATH_UNIT|Swap_unit:SWAP_UNIT|demux1to2:DEMUX_1_TO_2"
 24. Post-Synthesis Netlist Statistics for Top Partition
 25. Elapsed Time Per Partition
 26. Analysis & Synthesis Messages



----------------
; Legal Notice ;
----------------
Copyright (C) 2025  Altera Corporation. All rights reserved.
Your use of Altera Corporation's design tools, logic functions 
and other software and tools, and any partner logic 
functions, and any output files from any of the foregoing 
(including device programming or simulation files), and any 
associated documentation or information are expressly subject 
to the terms and conditions of the Altera Program License 
Subscription Agreement, the Altera Quartus Prime License Agreement,
the Altera IP License Agreement, or other applicable license
agreement, including, without limitation, that your use is for
the sole purpose of programming logic devices manufactured by
Altera and sold by Altera or its authorized distributors.  Please
refer to the Altera Software License Subscription Agreements 
on the Quartus Prime software download page.



+-----------------------------------------------------------------------------------+
; Analysis & Synthesis Summary                                                      ;
+---------------------------------+-------------------------------------------------+
; Analysis & Synthesis Status     ; Successful - Sun Dec  7 00:10:51 2025           ;
; Quartus Prime Version           ; 24.1std.0 Build 1077 03/04/2025 SC Lite Edition ;
; Revision Name                   ; Selection_Sort                                  ;
; Top-level Entity Name           ; Selection_Sort                                  ;
; Family                          ; Cyclone V                                       ;
; Logic utilization (in ALMs)     ; N/A                                             ;
; Total registers                 ; 81                                              ;
; Total pins                      ; 12                                              ;
; Total virtual pins              ; 0                                               ;
; Total block memory bits         ; 0                                               ;
; Total DSP Blocks                ; 0                                               ;
; Total HSSI RX PCSs              ; 0                                               ;
; Total HSSI PMA RX Deserializers ; 0                                               ;
; Total HSSI TX PCSs              ; 0                                               ;
; Total HSSI PMA TX Serializers   ; 0                                               ;
; Total PLLs                      ; 0                                               ;
; Total DLLs                      ; 0                                               ;
+---------------------------------+-------------------------------------------------+


+---------------------------------------------------------------------------------------------------------------------------+
; Analysis & Synthesis Settings                                                                                             ;
+---------------------------------------------------------------------------------+--------------------+--------------------+
; Option                                                                          ; Setting            ; Default Value      ;
+---------------------------------------------------------------------------------+--------------------+--------------------+
; Device                                                                          ; 5CEFA7F27C7        ;                    ;
; Top-level entity name                                                           ; Selection_Sort     ; Selection_Sort     ;
; Family name                                                                     ; Cyclone V          ; Cyclone V          ;
; Use smart compilation                                                           ; Off                ; Off                ;
; Enable parallel Assembler and Timing Analyzer during compilation                ; On                 ; On                 ;
; Enable compact report table                                                     ; Off                ; Off                ;
; Restructure Multiplexers                                                        ; Auto               ; Auto               ;
; MLAB Add Timing Constraints For Mixed-Port Feed-Through Mode Setting Don't Care ; Off                ; Off                ;
; Create Debugging Nodes for IP Cores                                             ; Off                ; Off                ;
; Preserve fewer node names                                                       ; On                 ; On                 ;
; Intel FPGA IP Evaluation Mode                                                   ; Enable             ; Enable             ;
; Verilog Version                                                                 ; Verilog_2001       ; Verilog_2001       ;
; VHDL Version                                                                    ; VHDL_1993          ; VHDL_1993          ;
; State Machine Processing                                                        ; Auto               ; Auto               ;
; Safe State Machine                                                              ; Off                ; Off                ;
; Extract Verilog State Machines                                                  ; On                 ; On                 ;
; Extract VHDL State Machines                                                     ; On                 ; On                 ;
; Ignore Verilog initial constructs                                               ; Off                ; Off                ;
; Iteration limit for constant Verilog loops                                      ; 5000               ; 5000               ;
; Iteration limit for non-constant Verilog loops                                  ; 250                ; 250                ;
; Add Pass-Through Logic to Inferred RAMs                                         ; On                 ; On                 ;
; Infer RAMs from Raw Logic                                                       ; On                 ; On                 ;
; Parallel Synthesis                                                              ; On                 ; On                 ;
; DSP Block Balancing                                                             ; Auto               ; Auto               ;
; NOT Gate Push-Back                                                              ; On                 ; On                 ;
; Power-Up Don't Care                                                             ; On                 ; On                 ;
; Remove Redundant Logic Cells                                                    ; Off                ; Off                ;
; Remove Duplicate Registers                                                      ; On                 ; On                 ;
; Ignore CARRY Buffers                                                            ; Off                ; Off                ;
; Ignore CASCADE Buffers                                                          ; Off                ; Off                ;
; Ignore GLOBAL Buffers                                                           ; Off                ; Off                ;
; Ignore ROW GLOBAL Buffers                                                       ; Off                ; Off                ;
; Ignore LCELL Buffers                                                            ; Off                ; Off                ;
; Ignore SOFT Buffers                                                             ; On                 ; On                 ;
; Limit AHDL Integers to 32 Bits                                                  ; Off                ; Off                ;
; Optimization Technique                                                          ; Balanced           ; Balanced           ;
; Carry Chain Length                                                              ; 70                 ; 70                 ;
; Auto Carry Chains                                                               ; On                 ; On                 ;
; Auto Open-Drain Pins                                                            ; On                 ; On                 ;
; Perform WYSIWYG Primitive Resynthesis                                           ; Off                ; Off                ;
; Auto ROM Replacement                                                            ; On                 ; On                 ;
; Auto RAM Replacement                                                            ; On                 ; On                 ;
; Auto DSP Block Replacement                                                      ; On                 ; On                 ;
; Auto Shift Register Replacement                                                 ; Auto               ; Auto               ;
; Allow Shift Register Merging across Hierarchies                                 ; Auto               ; Auto               ;
; Auto Clock Enable Replacement                                                   ; On                 ; On                 ;
; Strict RAM Replacement                                                          ; Off                ; Off                ;
; Allow Synchronous Control Signals                                               ; On                 ; On                 ;
; Force Use of Synchronous Clear Signals                                          ; Off                ; Off                ;
; Auto Resource Sharing                                                           ; Off                ; Off                ;
; Allow Any RAM Size For Recognition                                              ; Off                ; Off                ;
; Allow Any ROM Size For Recognition                                              ; Off                ; Off                ;
; Allow Any Shift Register Size For Recognition                                   ; Off                ; Off                ;
; Use LogicLock Constraints during Resource Balancing                             ; On                 ; On                 ;
; Ignore translate_off and synthesis_off directives                               ; Off                ; Off                ;
; Timing-Driven Synthesis                                                         ; On                 ; On                 ;
; Report Parameter Settings                                                       ; On                 ; On                 ;
; Report Source Assignments                                                       ; On                 ; On                 ;
; Report Connectivity Checks                                                      ; On                 ; On                 ;
; Ignore Maximum Fan-Out Assignments                                              ; Off                ; Off                ;
; Synchronization Register Chain Length                                           ; 3                  ; 3                  ;
; Power Optimization During Synthesis                                             ; Normal compilation ; Normal compilation ;
; HDL message level                                                               ; Level2             ; Level2             ;
; Suppress Register Optimization Related Messages                                 ; Off                ; Off                ;
; Number of Removed Registers Reported in Synthesis Report                        ; 5000               ; 5000               ;
; Number of Swept Nodes Reported in Synthesis Report                              ; 5000               ; 5000               ;
; Number of Inverted Registers Reported in Synthesis Report                       ; 100                ; 100                ;
; Clock MUX Protection                                                            ; On                 ; On                 ;
; Auto Gated Clock Conversion                                                     ; Off                ; Off                ;
; Block Design Naming                                                             ; Auto               ; Auto               ;
; SDC constraint protection                                                       ; Off                ; Off                ;
; Synthesis Effort                                                                ; Auto               ; Auto               ;
; Shift Register Replacement - Allow Asynchronous Clear Signal                    ; On                 ; On                 ;
; Pre-Mapping Resynthesis Optimization                                            ; Off                ; Off                ;
; Analysis & Synthesis Message Level                                              ; Medium             ; Medium             ;
; Disable Register Merging Across Hierarchies                                     ; Auto               ; Auto               ;
; Resource Aware Inference For Block RAM                                          ; On                 ; On                 ;
; Automatic Parallel Synthesis                                                    ; On                 ; On                 ;
; Partial Reconfiguration Bitstream ID                                            ; Off                ; Off                ;
+---------------------------------------------------------------------------------+--------------------+--------------------+


+------------------------------------------+
; Parallel Compilation                     ;
+----------------------------+-------------+
; Processors                 ; Number      ;
+----------------------------+-------------+
; Number detected on machine ; 8           ;
; Maximum allowed            ; 4           ;
;                            ;             ;
; Average used               ; 1.00        ;
; Maximum used               ; 4           ;
;                            ;             ;
; Usage by Processor         ; % Time Used ;
;     Processor 1            ; 100.0%      ;
;     Processor 2            ;   0.0%      ;
;     Processors 3-4         ;   0.0%      ;
+----------------------------+-------------+


+-------------------------------------------------------------------------------------------------------------------------------------------------------------------------------+
; Analysis & Synthesis Source Files Read                                                                                                                                        ;
+----------------------------------+-----------------+------------------------------+---------------------------------------------------------------------------------+---------+
; File Name with User-Entered Path ; Used in Netlist ; File Type                    ; File Name with Absolute Path                                                    ; Library ;
+----------------------------------+-----------------+------------------------------+---------------------------------------------------------------------------------+---------+
; ../../02_rtl/Swap_unit.sv        ; yes             ; User SystemVerilog HDL File  ; /home/noname/Documents/project_tiny/Chapter5/Quesion_3/02_rtl/Swap_unit.sv      ;         ;
; ../../02_rtl/SinglePort_RAM.sv   ; yes             ; User SystemVerilog HDL File  ; /home/noname/Documents/project_tiny/Chapter5/Quesion_3/02_rtl/SinglePort_RAM.sv ;         ;
; ../../02_rtl/Selection_Sort.sv   ; yes             ; User SystemVerilog HDL File  ; /home/noname/Documents/project_tiny/Chapter5/Quesion_3/02_rtl/Selection_Sort.sv ;         ;
; ../../02_rtl/DataPath.sv         ; yes             ; User SystemVerilog HDL File  ; /home/noname/Documents/project_tiny/Chapter5/Quesion_3/02_rtl/DataPath.sv       ;         ;
; ../../02_rtl/ControlUnit.sv      ; yes             ; User SystemVerilog HDL File  ; /home/noname/Documents/project_tiny/Chapter5/Quesion_3/02_rtl/ControlUnit.sv    ;         ;
+----------------------------------+-----------------+------------------------------+---------------------------------------------------------------------------------+---------+


+------------------------------------------------------------------------------------------+
; Analysis & Synthesis Resource Usage Summary                                              ;
+---------------------------------------------+--------------------------------------------+
; Resource                                    ; Usage                                      ;
+---------------------------------------------+--------------------------------------------+
; Estimate of Logic utilization (ALMs needed) ; 467                                        ;
;                                             ;                                            ;
; Combinational ALUT usage for logic          ; 752                                        ;
;     -- 7 input functions                    ; 0                                          ;
;     -- 6 input functions                    ; 154                                        ;
;     -- 5 input functions                    ; 3                                          ;
;     -- 4 input functions                    ; 30                                         ;
;     -- <=3 input functions                  ; 565                                        ;
;                                             ;                                            ;
; Dedicated logic registers                   ; 81                                         ;
;                                             ;                                            ;
; I/O pins                                    ; 12                                         ;
;                                             ;                                            ;
; Total DSP Blocks                            ; 0                                          ;
;                                             ;                                            ;
; Maximum fan-out node                        ; SinglePort_RAM:RAM_UNIT|mem_unit.data_a[0] ;
; Maximum fan-out                             ; 256                                        ;
; Total fan-out                               ; 2825                                       ;
; Average fan-out                             ; 3.30                                       ;
+---------------------------------------------+--------------------------------------------+


+-------------------------------------------------------------------------------------------------------------------------------------------------------------------------------------------------------------------------------------------------------------------------------------------------------+
; Analysis & Synthesis Resource Utilization by Entity                                                                                                                                                                                                                                                   ;
+-----------------------------------------------------------+---------------------+---------------------------+-------------------+------------+------+--------------+------------------------------------------------------------------------------------------+------------------------+--------------+
; Compilation Hierarchy Node                                ; Combinational ALUTs ; Dedicated Logic Registers ; Block Memory Bits ; DSP Blocks ; Pins ; Virtual Pins ; Full Hierarchy Name                                                                      ; Entity Name            ; Library Name ;
+-----------------------------------------------------------+---------------------+---------------------------+-------------------+------------+------+--------------+------------------------------------------------------------------------------------------+------------------------+--------------+
; |Selection_Sort                                           ; 752 (260)           ; 81 (1)                    ; 0                 ; 0          ; 12   ; 0            ; |Selection_Sort                                                                          ; Selection_Sort         ; work         ;
;    |ControlUnit:CONTROL_UNIT|                             ; 6 (6)               ; 9 (9)                     ; 0                 ; 0          ; 0    ; 0            ; |Selection_Sort|ControlUnit:CONTROL_UNIT                                                 ; ControlUnit            ; work         ;
;    |DataPath:DATAPATH_UNIT|                               ; 56 (1)              ; 60 (3)                    ; 0                 ; 0          ; 0    ; 0            ; |Selection_Sort|DataPath:DATAPATH_UNIT                                                   ; DataPath               ; work         ;
;       |Swap_unit:SWAP_UNIT|                               ; 18 (7)              ; 31 (13)                   ; 0                 ; 0          ; 0    ; 0            ; |Selection_Sort|DataPath:DATAPATH_UNIT|Swap_unit:SWAP_UNIT                               ; Swap_unit              ; work         ;
;          |Swap_addr:SWAP_ADDR_UNIT|                       ; 8 (8)               ; 16 (16)                   ; 0                 ; 0          ; 0    ; 0            ; |Selection_Sort|DataPath:DATAPATH_UNIT|Swap_unit:SWAP_UNIT|Swap_addr:SWAP_ADDR_UNIT      ; Swap_addr              ; work         ;
;          |Swap_data:SWAP_DATA_UNIT|                       ; 1 (1)               ; 2 (2)                     ; 0                 ; 0          ; 0    ; 0            ; |Selection_Sort|DataPath:DATAPATH_UNIT|Swap_unit:SWAP_UNIT|Swap_data:SWAP_DATA_UNIT      ; Swap_data              ; work         ;
;          |demux1to2:DEMUX_1_TO_2|                         ; 2 (2)               ; 0 (0)                     ; 0                 ; 0          ; 0    ; 0            ; |Selection_Sort|DataPath:DATAPATH_UNIT|Swap_unit:SWAP_UNIT|demux1to2:DEMUX_1_TO_2        ; demux1to2              ; work         ;
;       |update_value_i:UPDATE_VALUE_I_UNIT|                ; 13 (13)             ; 9 (9)                     ; 0                 ; 0          ; 0    ; 0            ; |Selection_Sort|DataPath:DATAPATH_UNIT|update_value_i:UPDATE_VALUE_I_UNIT                ; update_value_i         ; work         ;
;       |update_value_j:UPDATE_VALUE_J_UNIT|                ; 23 (23)             ; 9 (9)                     ; 0                 ; 0          ; 0    ; 0            ; |Selection_Sort|DataPath:DATAPATH_UNIT|update_value_j:UPDATE_VALUE_J_UNIT                ; update_value_j         ; work         ;
;       |update_value_smmallest:UPDATE_VALUE_SMALLEST_UNIT| ; 1 (1)               ; 8 (8)                     ; 0                 ; 0          ; 0    ; 0            ; |Selection_Sort|DataPath:DATAPATH_UNIT|update_value_smmallest:UPDATE_VALUE_SMALLEST_UNIT ; update_value_smmallest ; work         ;
;    |SinglePort_RAM:RAM_UNIT|                              ; 430 (430)           ; 11 (11)                   ; 0                 ; 0          ; 0    ; 0            ; |Selection_Sort|SinglePort_RAM:RAM_UNIT                                                  ; SinglePort_RAM         ; work         ;
+-----------------------------------------------------------+---------------------+---------------------------+-------------------+------------+------+--------------+------------------------------------------------------------------------------------------+------------------------+--------------+
Note: For table entries with two numbers listed, the numbers in parentheses indicate the number of resources of the given type used by the specific entity alone. The numbers listed outside of parentheses indicate the total resources of the given type used by the specific entity and all of its sub-entities in the hierarchy.


Encoding Type:  One-Hot
+---------------------------------------------------------------------------------------------------------------------+
; State Machine - |Selection_Sort|ControlUnit:CONTROL_UNIT|state                                                      ;
+-----------------+------------+--------------+-------------+-----------------+------------+-------------+------------+
; Name            ; state.DONE ; state.NEXT_I ; state.WRITE ; state.WAIT_READ ; state.READ ; state.START ; state.IDLE ;
+-----------------+------------+--------------+-------------+-----------------+------------+-------------+------------+
; state.IDLE      ; 0          ; 0            ; 0           ; 0               ; 0          ; 0           ; 0          ;
; state.START     ; 0          ; 0            ; 0           ; 0               ; 0          ; 1           ; 1          ;
; state.READ      ; 0          ; 0            ; 0           ; 0               ; 1          ; 0           ; 1          ;
; state.WAIT_READ ; 0          ; 0            ; 0           ; 1               ; 0          ; 0           ; 1          ;
; state.WRITE     ; 0          ; 0            ; 1           ; 0               ; 0          ; 0           ; 1          ;
; state.NEXT_I    ; 0          ; 1            ; 0           ; 0               ; 0          ; 0           ; 1          ;
; state.DONE      ; 1          ; 0            ; 0           ; 0               ; 0          ; 0           ; 1          ;
+-----------------+------------+--------------+-------------+-----------------+------------+-------------+------------+


+-----------------------------------------------------------------------------------------------------+
; User-Specified and Inferred Latches                                                                 ;
+------------------------------------------------------+---------------------+------------------------+
; Latch Name                                           ; Latch Enable Signal ; Free of Timing Hazards ;
+------------------------------------------------------+---------------------+------------------------+
; SinglePort_RAM:RAM_UNIT|mem_unit~0                   ; rtl~0               ; yes                    ;
; SinglePort_RAM:RAM_UNIT|mem_unit~1                   ; rtl~1               ; yes                    ;
; SinglePort_RAM:RAM_UNIT|mem_unit~2                   ; rtl~2               ; yes                    ;
; SinglePort_RAM:RAM_UNIT|mem_unit~3                   ; rtl~3               ; yes                    ;
; SinglePort_RAM:RAM_UNIT|mem_unit~4                   ; rtl~4               ; yes                    ;
; SinglePort_RAM:RAM_UNIT|mem_unit~5                   ; rtl~5               ; yes                    ;
; SinglePort_RAM:RAM_UNIT|mem_unit~6                   ; rtl~6               ; yes                    ;
; SinglePort_RAM:RAM_UNIT|mem_unit~7                   ; rtl~7               ; yes                    ;
; SinglePort_RAM:RAM_UNIT|mem_unit~8                   ; rtl~8               ; yes                    ;
; SinglePort_RAM:RAM_UNIT|mem_unit~9                   ; rtl~9               ; yes                    ;
; SinglePort_RAM:RAM_UNIT|mem_unit~10                  ; rtl~10              ; yes                    ;
; SinglePort_RAM:RAM_UNIT|mem_unit~11                  ; rtl~11              ; yes                    ;
; SinglePort_RAM:RAM_UNIT|mem_unit~12                  ; rtl~12              ; yes                    ;
; SinglePort_RAM:RAM_UNIT|mem_unit~13                  ; rtl~13              ; yes                    ;
; SinglePort_RAM:RAM_UNIT|mem_unit~14                  ; rtl~14              ; yes                    ;
; SinglePort_RAM:RAM_UNIT|mem_unit~15                  ; rtl~15              ; yes                    ;
; SinglePort_RAM:RAM_UNIT|mem_unit~16                  ; rtl~16              ; yes                    ;
; SinglePort_RAM:RAM_UNIT|mem_unit~20                  ; rtl~17              ; yes                    ;
; SinglePort_RAM:RAM_UNIT|mem_unit~24                  ; rtl~18              ; yes                    ;
; SinglePort_RAM:RAM_UNIT|mem_unit~28                  ; rtl~19              ; yes                    ;
; SinglePort_RAM:RAM_UNIT|mem_unit~17                  ; rtl~20              ; yes                    ;
; SinglePort_RAM:RAM_UNIT|mem_unit~21                  ; rtl~21              ; yes                    ;
; SinglePort_RAM:RAM_UNIT|mem_unit~25                  ; rtl~22              ; yes                    ;
; SinglePort_RAM:RAM_UNIT|mem_unit~29                  ; rtl~23              ; yes                    ;
; SinglePort_RAM:RAM_UNIT|mem_unit~18                  ; rtl~24              ; yes                    ;
; SinglePort_RAM:RAM_UNIT|mem_unit~22                  ; rtl~25              ; yes                    ;
; SinglePort_RAM:RAM_UNIT|mem_unit~26                  ; rtl~26              ; yes                    ;
; SinglePort_RAM:RAM_UNIT|mem_unit~30                  ; rtl~27              ; yes                    ;
; SinglePort_RAM:RAM_UNIT|mem_unit~19                  ; rtl~28              ; yes                    ;
; SinglePort_RAM:RAM_UNIT|mem_unit~23                  ; rtl~29              ; yes                    ;
; SinglePort_RAM:RAM_UNIT|mem_unit~27                  ; rtl~30              ; yes                    ;
; SinglePort_RAM:RAM_UNIT|mem_unit~31                  ; rtl~31              ; yes                    ;
; SinglePort_RAM:RAM_UNIT|mem_unit~32                  ; rtl~32              ; yes                    ;
; SinglePort_RAM:RAM_UNIT|mem_unit~33                  ; rtl~33              ; yes                    ;
; SinglePort_RAM:RAM_UNIT|mem_unit~34                  ; rtl~34              ; yes                    ;
; SinglePort_RAM:RAM_UNIT|mem_unit~35                  ; rtl~35              ; yes                    ;
; SinglePort_RAM:RAM_UNIT|mem_unit~36                  ; rtl~36              ; yes                    ;
; SinglePort_RAM:RAM_UNIT|mem_unit~37                  ; rtl~37              ; yes                    ;
; SinglePort_RAM:RAM_UNIT|mem_unit~38                  ; rtl~38              ; yes                    ;
; SinglePort_RAM:RAM_UNIT|mem_unit~39                  ; rtl~39              ; yes                    ;
; SinglePort_RAM:RAM_UNIT|mem_unit~40                  ; rtl~40              ; yes                    ;
; SinglePort_RAM:RAM_UNIT|mem_unit~41                  ; rtl~41              ; yes                    ;
; SinglePort_RAM:RAM_UNIT|mem_unit~42                  ; rtl~42              ; yes                    ;
; SinglePort_RAM:RAM_UNIT|mem_unit~43                  ; rtl~43              ; yes                    ;
; SinglePort_RAM:RAM_UNIT|mem_unit~44                  ; rtl~44              ; yes                    ;
; SinglePort_RAM:RAM_UNIT|mem_unit~45                  ; rtl~45              ; yes                    ;
; SinglePort_RAM:RAM_UNIT|mem_unit~46                  ; rtl~46              ; yes                    ;
; SinglePort_RAM:RAM_UNIT|mem_unit~47                  ; rtl~47              ; yes                    ;
; SinglePort_RAM:RAM_UNIT|mem_unit~48                  ; rtl~48              ; yes                    ;
; SinglePort_RAM:RAM_UNIT|mem_unit~52                  ; rtl~49              ; yes                    ;
; SinglePort_RAM:RAM_UNIT|mem_unit~56                  ; rtl~50              ; yes                    ;
; SinglePort_RAM:RAM_UNIT|mem_unit~60                  ; rtl~51              ; yes                    ;
; SinglePort_RAM:RAM_UNIT|mem_unit~49                  ; rtl~52              ; yes                    ;
; SinglePort_RAM:RAM_UNIT|mem_unit~53                  ; rtl~53              ; yes                    ;
; SinglePort_RAM:RAM_UNIT|mem_unit~57                  ; rtl~54              ; yes                    ;
; SinglePort_RAM:RAM_UNIT|mem_unit~61                  ; rtl~55              ; yes                    ;
; SinglePort_RAM:RAM_UNIT|mem_unit~50                  ; rtl~56              ; yes                    ;
; SinglePort_RAM:RAM_UNIT|mem_unit~54                  ; rtl~57              ; yes                    ;
; SinglePort_RAM:RAM_UNIT|mem_unit~58                  ; rtl~58              ; yes                    ;
; SinglePort_RAM:RAM_UNIT|mem_unit~62                  ; rtl~59              ; yes                    ;
; SinglePort_RAM:RAM_UNIT|mem_unit~51                  ; rtl~60              ; yes                    ;
; SinglePort_RAM:RAM_UNIT|mem_unit~55                  ; rtl~61              ; yes                    ;
; SinglePort_RAM:RAM_UNIT|mem_unit~59                  ; rtl~62              ; yes                    ;
; SinglePort_RAM:RAM_UNIT|mem_unit~63                  ; rtl~63              ; yes                    ;
; SinglePort_RAM:RAM_UNIT|mem_unit~64                  ; rtl~64              ; yes                    ;
; SinglePort_RAM:RAM_UNIT|mem_unit~80                  ; rtl~65              ; yes                    ;
; SinglePort_RAM:RAM_UNIT|mem_unit~96                  ; rtl~66              ; yes                    ;
; SinglePort_RAM:RAM_UNIT|mem_unit~112                 ; rtl~67              ; yes                    ;
; SinglePort_RAM:RAM_UNIT|mem_unit~68                  ; rtl~68              ; yes                    ;
; SinglePort_RAM:RAM_UNIT|mem_unit~84                  ; rtl~69              ; yes                    ;
; SinglePort_RAM:RAM_UNIT|mem_unit~100                 ; rtl~70              ; yes                    ;
; SinglePort_RAM:RAM_UNIT|mem_unit~116                 ; rtl~71              ; yes                    ;
; SinglePort_RAM:RAM_UNIT|mem_unit~72                  ; rtl~72              ; yes                    ;
; SinglePort_RAM:RAM_UNIT|mem_unit~88                  ; rtl~73              ; yes                    ;
; SinglePort_RAM:RAM_UNIT|mem_unit~104                 ; rtl~74              ; yes                    ;
; SinglePort_RAM:RAM_UNIT|mem_unit~120                 ; rtl~75              ; yes                    ;
; SinglePort_RAM:RAM_UNIT|mem_unit~76                  ; rtl~76              ; yes                    ;
; SinglePort_RAM:RAM_UNIT|mem_unit~92                  ; rtl~77              ; yes                    ;
; SinglePort_RAM:RAM_UNIT|mem_unit~108                 ; rtl~78              ; yes                    ;
; SinglePort_RAM:RAM_UNIT|mem_unit~124                 ; rtl~79              ; yes                    ;
; SinglePort_RAM:RAM_UNIT|mem_unit~65                  ; rtl~80              ; yes                    ;
; SinglePort_RAM:RAM_UNIT|mem_unit~81                  ; rtl~81              ; yes                    ;
; SinglePort_RAM:RAM_UNIT|mem_unit~97                  ; rtl~82              ; yes                    ;
; SinglePort_RAM:RAM_UNIT|mem_unit~113                 ; rtl~83              ; yes                    ;
; SinglePort_RAM:RAM_UNIT|mem_unit~69                  ; rtl~84              ; yes                    ;
; SinglePort_RAM:RAM_UNIT|mem_unit~85                  ; rtl~85              ; yes                    ;
; SinglePort_RAM:RAM_UNIT|mem_unit~101                 ; rtl~86              ; yes                    ;
; SinglePort_RAM:RAM_UNIT|mem_unit~117                 ; rtl~87              ; yes                    ;
; SinglePort_RAM:RAM_UNIT|mem_unit~73                  ; rtl~88              ; yes                    ;
; SinglePort_RAM:RAM_UNIT|mem_unit~89                  ; rtl~89              ; yes                    ;
; SinglePort_RAM:RAM_UNIT|mem_unit~105                 ; rtl~90              ; yes                    ;
; SinglePort_RAM:RAM_UNIT|mem_unit~121                 ; rtl~91              ; yes                    ;
; SinglePort_RAM:RAM_UNIT|mem_unit~77                  ; rtl~92              ; yes                    ;
; SinglePort_RAM:RAM_UNIT|mem_unit~93                  ; rtl~93              ; yes                    ;
; SinglePort_RAM:RAM_UNIT|mem_unit~109                 ; rtl~94              ; yes                    ;
; SinglePort_RAM:RAM_UNIT|mem_unit~125                 ; rtl~95              ; yes                    ;
; SinglePort_RAM:RAM_UNIT|mem_unit~66                  ; rtl~96              ; yes                    ;
; SinglePort_RAM:RAM_UNIT|mem_unit~82                  ; rtl~97              ; yes                    ;
; SinglePort_RAM:RAM_UNIT|mem_unit~98                  ; rtl~98              ; yes                    ;
; SinglePort_RAM:RAM_UNIT|mem_unit~114                 ; rtl~99              ; yes                    ;
; Number of user-specified and inferred latches = 256  ;                     ;                        ;
+------------------------------------------------------+---------------------+------------------------+
Table restricted to first 100 entries. Note: All latches listed above may not be present at the end of synthesis due to various synthesis optimizations.


+-----------------------------------------------------------------------------------------------------------------------------------+
; Registers Removed During Synthesis                                                                                                ;
+-------------------------------------------------------------------------------------+---------------------------------------------+
; Register name                                                                       ; Reason for Removal                          ;
+-------------------------------------------------------------------------------------+---------------------------------------------+
; SinglePort_RAM:RAM_UNIT|mem_unit.data_a[7]                                          ; Lost fanout                                 ;
; DataPath:DATAPATH_UNIT|Swap_unit:SWAP_UNIT|Swap_data:SWAP_DATA_UNIT|w_data_ram_0[7] ; Lost fanout                                 ;
; DataPath:DATAPATH_UNIT|Swap_unit:SWAP_UNIT|Swap_data:SWAP_DATA_UNIT|w_data_ram_1[7] ; Lost fanout                                 ;
; SinglePort_RAM:RAM_UNIT|mem_unit.data_a[6]                                          ; Lost fanout                                 ;
; DataPath:DATAPATH_UNIT|Swap_unit:SWAP_UNIT|Swap_data:SWAP_DATA_UNIT|w_data_ram_0[6] ; Lost fanout                                 ;
; DataPath:DATAPATH_UNIT|Swap_unit:SWAP_UNIT|Swap_data:SWAP_DATA_UNIT|w_data_ram_1[6] ; Lost fanout                                 ;
; SinglePort_RAM:RAM_UNIT|mem_unit.data_a[5]                                          ; Lost fanout                                 ;
; DataPath:DATAPATH_UNIT|Swap_unit:SWAP_UNIT|Swap_data:SWAP_DATA_UNIT|w_data_ram_0[5] ; Lost fanout                                 ;
; DataPath:DATAPATH_UNIT|Swap_unit:SWAP_UNIT|Swap_data:SWAP_DATA_UNIT|w_data_ram_1[5] ; Lost fanout                                 ;
; SinglePort_RAM:RAM_UNIT|mem_unit.data_a[4]                                          ; Lost fanout                                 ;
; DataPath:DATAPATH_UNIT|Swap_unit:SWAP_UNIT|Swap_data:SWAP_DATA_UNIT|w_data_ram_0[4] ; Lost fanout                                 ;
; DataPath:DATAPATH_UNIT|Swap_unit:SWAP_UNIT|Swap_data:SWAP_DATA_UNIT|w_data_ram_1[4] ; Lost fanout                                 ;
; SinglePort_RAM:RAM_UNIT|mem_unit.data_a[3]                                          ; Lost fanout                                 ;
; DataPath:DATAPATH_UNIT|Swap_unit:SWAP_UNIT|Swap_data:SWAP_DATA_UNIT|w_data_ram_0[3] ; Lost fanout                                 ;
; DataPath:DATAPATH_UNIT|Swap_unit:SWAP_UNIT|Swap_data:SWAP_DATA_UNIT|w_data_ram_1[3] ; Lost fanout                                 ;
; SinglePort_RAM:RAM_UNIT|mem_unit.data_a[2]                                          ; Lost fanout                                 ;
; DataPath:DATAPATH_UNIT|Swap_unit:SWAP_UNIT|Swap_data:SWAP_DATA_UNIT|w_data_ram_0[2] ; Lost fanout                                 ;
; DataPath:DATAPATH_UNIT|Swap_unit:SWAP_UNIT|Swap_data:SWAP_DATA_UNIT|w_data_ram_1[2] ; Lost fanout                                 ;
; SinglePort_RAM:RAM_UNIT|mem_unit.data_a[1]                                          ; Lost fanout                                 ;
; DataPath:DATAPATH_UNIT|Swap_unit:SWAP_UNIT|Swap_data:SWAP_DATA_UNIT|w_data_ram_0[1] ; Lost fanout                                 ;
; DataPath:DATAPATH_UNIT|Swap_unit:SWAP_UNIT|Swap_data:SWAP_DATA_UNIT|w_data_ram_1[1] ; Lost fanout                                 ;
; DataPath:DATAPATH_UNIT|Swap_unit:SWAP_UNIT|w_READ_data_i[1..7]                      ; Stuck at GND due to stuck port data_in      ;
; DataPath:DATAPATH_UNIT|Swap_unit:SWAP_UNIT|w_READ_data_smallest[1..7]               ; Stuck at GND due to stuck port data_in      ;
; ControlUnit:CONTROL_UNIT|state~4                                                    ; Lost fanout                                 ;
; ControlUnit:CONTROL_UNIT|state~5                                                    ; Lost fanout                                 ;
; ControlUnit:CONTROL_UNIT|state~6                                                    ; Lost fanout                                 ;
; ControlUnit:CONTROL_UNIT|state.DONE                                                 ; Merged with ControlUnit:CONTROL_UNIT|o_en_i ;
; Total Number of Removed Registers = 39                                              ;                                             ;
+-------------------------------------------------------------------------------------+---------------------------------------------+


+--------------------------------------------------------------------------------------------------------------------------------------------------------+
; Removed Registers Triggering Further Register Optimizations                                                                                            ;
+--------------------------------------------+--------------------+--------------------------------------------------------------------------------------+
; Register name                              ; Reason for Removal ; Registers Removed due to This Register                                               ;
+--------------------------------------------+--------------------+--------------------------------------------------------------------------------------+
; SinglePort_RAM:RAM_UNIT|mem_unit.data_a[7] ; Lost Fanouts       ; DataPath:DATAPATH_UNIT|Swap_unit:SWAP_UNIT|Swap_data:SWAP_DATA_UNIT|w_data_ram_0[7], ;
;                                            ;                    ; DataPath:DATAPATH_UNIT|Swap_unit:SWAP_UNIT|Swap_data:SWAP_DATA_UNIT|w_data_ram_1[7]  ;
; SinglePort_RAM:RAM_UNIT|mem_unit.data_a[6] ; Lost Fanouts       ; DataPath:DATAPATH_UNIT|Swap_unit:SWAP_UNIT|Swap_data:SWAP_DATA_UNIT|w_data_ram_0[6], ;
;                                            ;                    ; DataPath:DATAPATH_UNIT|Swap_unit:SWAP_UNIT|Swap_data:SWAP_DATA_UNIT|w_data_ram_1[6]  ;
; SinglePort_RAM:RAM_UNIT|mem_unit.data_a[5] ; Lost Fanouts       ; DataPath:DATAPATH_UNIT|Swap_unit:SWAP_UNIT|Swap_data:SWAP_DATA_UNIT|w_data_ram_0[5], ;
;                                            ;                    ; DataPath:DATAPATH_UNIT|Swap_unit:SWAP_UNIT|Swap_data:SWAP_DATA_UNIT|w_data_ram_1[5]  ;
; SinglePort_RAM:RAM_UNIT|mem_unit.data_a[4] ; Lost Fanouts       ; DataPath:DATAPATH_UNIT|Swap_unit:SWAP_UNIT|Swap_data:SWAP_DATA_UNIT|w_data_ram_0[4], ;
;                                            ;                    ; DataPath:DATAPATH_UNIT|Swap_unit:SWAP_UNIT|Swap_data:SWAP_DATA_UNIT|w_data_ram_1[4]  ;
; SinglePort_RAM:RAM_UNIT|mem_unit.data_a[3] ; Lost Fanouts       ; DataPath:DATAPATH_UNIT|Swap_unit:SWAP_UNIT|Swap_data:SWAP_DATA_UNIT|w_data_ram_0[3], ;
;                                            ;                    ; DataPath:DATAPATH_UNIT|Swap_unit:SWAP_UNIT|Swap_data:SWAP_DATA_UNIT|w_data_ram_1[3]  ;
; SinglePort_RAM:RAM_UNIT|mem_unit.data_a[2] ; Lost Fanouts       ; DataPath:DATAPATH_UNIT|Swap_unit:SWAP_UNIT|Swap_data:SWAP_DATA_UNIT|w_data_ram_0[2], ;
;                                            ;                    ; DataPath:DATAPATH_UNIT|Swap_unit:SWAP_UNIT|Swap_data:SWAP_DATA_UNIT|w_data_ram_1[2]  ;
; SinglePort_RAM:RAM_UNIT|mem_unit.data_a[1] ; Lost Fanouts       ; DataPath:DATAPATH_UNIT|Swap_unit:SWAP_UNIT|Swap_data:SWAP_DATA_UNIT|w_data_ram_0[1], ;
;                                            ;                    ; DataPath:DATAPATH_UNIT|Swap_unit:SWAP_UNIT|Swap_data:SWAP_DATA_UNIT|w_data_ram_1[1]  ;
+--------------------------------------------+--------------------+--------------------------------------------------------------------------------------+


+------------------------------------------------------+
; General Register Statistics                          ;
+----------------------------------------------+-------+
; Statistic                                    ; Value ;
+----------------------------------------------+-------+
; Total registers                              ; 81    ;
; Number of registers using Synchronous Clear  ; 8     ;
; Number of registers using Synchronous Load   ; 26    ;
; Number of registers using Asynchronous Clear ; 78    ;
; Number of registers using Asynchronous Load  ; 0     ;
; Number of registers using Clock Enable       ; 47    ;
; Number of registers using Preset             ; 0     ;
+----------------------------------------------+-------+


+--------------------------------------------------+
; Inverted Register Statistics                     ;
+----------------------------------------+---------+
; Inverted Register                      ; Fan out ;
+----------------------------------------+---------+
; SinglePort_RAM:RAM_UNIT|mem_unit.we_a  ; 4       ;
; Total number of inverted registers = 1 ;         ;
+----------------------------------------+---------+


+--------------------------------------------------------------------------------+
; Parameter Settings for User Entity Instance: Top-level Entity: |Selection_Sort ;
+----------------+-------+-------------------------------------------------------+
; Parameter Name ; Value ; Type                                                  ;
+----------------+-------+-------------------------------------------------------+
; SIZE_ADDR      ; 8     ; Signed Integer                                        ;
; SIZE_DATA      ; 8     ; Signed Integer                                        ;
+----------------+-------+-------------------------------------------------------+
Note: In order to hide this table in the UI and the text report file, please set the "Show Parameter Settings in Synthesis Report" option in "Analysis and Synthesis Settings -> More Settings" to "Off".


+---------------------------------------------------------------------+
; Parameter Settings for User Entity Instance: DataPath:DATAPATH_UNIT ;
+----------------+-------+--------------------------------------------+
; Parameter Name ; Value ; Type                                       ;
+----------------+-------+--------------------------------------------+
; SIZE_ADDR      ; 8     ; Signed Integer                             ;
; SIZE_DATA      ; 8     ; Signed Integer                             ;
+----------------+-------+--------------------------------------------+
Note: In order to hide this table in the UI and the text report file, please set the "Show Parameter Settings in Synthesis Report" option in "Analysis and Synthesis Settings -> More Settings" to "Off".


+--------------------------------------------------------------------------------------------------------+
; Parameter Settings for User Entity Instance: DataPath:DATAPATH_UNIT|update_value_j:UPDATE_VALUE_J_UNIT ;
+----------------+-------+-------------------------------------------------------------------------------+
; Parameter Name ; Value ; Type                                                                          ;
+----------------+-------+-------------------------------------------------------------------------------+
; SIZE_ADDR      ; 8     ; Signed Integer                                                                ;
+----------------+-------+-------------------------------------------------------------------------------+
Note: In order to hide this table in the UI and the text report file, please set the "Show Parameter Settings in Synthesis Report" option in "Analysis and Synthesis Settings -> More Settings" to "Off".


+--------------------------------------------------------------------------------------------------------+
; Parameter Settings for User Entity Instance: DataPath:DATAPATH_UNIT|update_value_i:UPDATE_VALUE_I_UNIT ;
+----------------+-------+-------------------------------------------------------------------------------+
; Parameter Name ; Value ; Type                                                                          ;
+----------------+-------+-------------------------------------------------------------------------------+
; SIZE_ADDR      ; 8     ; Signed Integer                                                                ;
+----------------+-------+-------------------------------------------------------------------------------+
Note: In order to hide this table in the UI and the text report file, please set the "Show Parameter Settings in Synthesis Report" option in "Analysis and Synthesis Settings -> More Settings" to "Off".


+-----------------------------------------------------------------------------------------------------------------------+
; Parameter Settings for User Entity Instance: DataPath:DATAPATH_UNIT|update_value_smmallest:UPDATE_VALUE_SMALLEST_UNIT ;
+----------------+-------+----------------------------------------------------------------------------------------------+
; Parameter Name ; Value ; Type                                                                                         ;
+----------------+-------+----------------------------------------------------------------------------------------------+
; SIZE_ADDR      ; 8     ; Signed Integer                                                                               ;
+----------------+-------+----------------------------------------------------------------------------------------------+
Note: In order to hide this table in the UI and the text report file, please set the "Show Parameter Settings in Synthesis Report" option in "Analysis and Synthesis Settings -> More Settings" to "Off".


+-----------------------------------------------------------------------------------------+
; Parameter Settings for User Entity Instance: DataPath:DATAPATH_UNIT|Swap_unit:SWAP_UNIT ;
+----------------+-------+----------------------------------------------------------------+
; Parameter Name ; Value ; Type                                                           ;
+----------------+-------+----------------------------------------------------------------+
; SIZE_ADDR      ; 8     ; Signed Integer                                                 ;
; SIZE_DATA      ; 8     ; Signed Integer                                                 ;
+----------------+-------+----------------------------------------------------------------+
Note: In order to hide this table in the UI and the text report file, please set the "Show Parameter Settings in Synthesis Report" option in "Analysis and Synthesis Settings -> More Settings" to "Off".


+------------------------------------------------------------------------------------------------------------------+
; Parameter Settings for User Entity Instance: DataPath:DATAPATH_UNIT|Swap_unit:SWAP_UNIT|Swap_data:SWAP_DATA_UNIT ;
+----------------+-------+-----------------------------------------------------------------------------------------+
; Parameter Name ; Value ; Type                                                                                    ;
+----------------+-------+-----------------------------------------------------------------------------------------+
; SIZE_DATA      ; 8     ; Signed Integer                                                                          ;
+----------------+-------+-----------------------------------------------------------------------------------------+
Note: In order to hide this table in the UI and the text report file, please set the "Show Parameter Settings in Synthesis Report" option in "Analysis and Synthesis Settings -> More Settings" to "Off".


+------------------------------------------------------------------------------------------------------------------+
; Parameter Settings for User Entity Instance: DataPath:DATAPATH_UNIT|Swap_unit:SWAP_UNIT|Swap_addr:SWAP_ADDR_UNIT ;
+----------------+-------+-----------------------------------------------------------------------------------------+
; Parameter Name ; Value ; Type                                                                                    ;
+----------------+-------+-----------------------------------------------------------------------------------------+
; SIZE_ADDR      ; 8     ; Signed Integer                                                                          ;
+----------------+-------+-----------------------------------------------------------------------------------------+
Note: In order to hide this table in the UI and the text report file, please set the "Show Parameter Settings in Synthesis Report" option in "Analysis and Synthesis Settings -> More Settings" to "Off".


+----------------------------------------------------------------------+
; Parameter Settings for User Entity Instance: SinglePort_RAM:RAM_UNIT ;
+----------------+-------+---------------------------------------------+
; Parameter Name ; Value ; Type                                        ;
+----------------+-------+---------------------------------------------+
; SIZE_ADDR      ; 8     ; Signed Integer                              ;
; SIZE_DATA      ; 8     ; Signed Integer                              ;
+----------------+-------+---------------------------------------------+
Note: In order to hide this table in the UI and the text report file, please set the "Show Parameter Settings in Synthesis Report" option in "Analysis and Synthesis Settings -> More Settings" to "Off".


+-------------------------------------------------------------------------------------------------------------------------------------------------------------------------------------------------------------+
; Port Connectivity Checks: "DataPath:DATAPATH_UNIT|Swap_unit:SWAP_UNIT|demux1to2:DEMUX_1_TO_2"                                                                                                               ;
+------+--------+----------+----------------------------------------------------------------------------------------------------------------------------------------------------------------------------------+
; Port ; Type   ; Severity ; Details                                                                                                                                                                          ;
+------+--------+----------+----------------------------------------------------------------------------------------------------------------------------------------------------------------------------------+
; din  ; Input  ; Warning  ; Input port expression (8 bits) is wider than the input port (1 bits) it drives.  The 7 most-significant bit(s) in the expression will be dangling if they have no other fanouts. ;
; y0   ; Output ; Warning  ; Output or bidir port (1 bits) is smaller than the port expression (8 bits) it drives.  The 7 most-significant bit(s) in the port expression will be connected to GND.            ;
; y1   ; Output ; Warning  ; Output or bidir port (1 bits) is smaller than the port expression (8 bits) it drives.  The 7 most-significant bit(s) in the port expression will be connected to GND.            ;
+------+--------+----------+----------------------------------------------------------------------------------------------------------------------------------------------------------------------------------+


+-----------------------------------------------------+
; Post-Synthesis Netlist Statistics for Top Partition ;
+-----------------------+-----------------------------+
; Type                  ; Count                       ;
+-----------------------+-----------------------------+
; arriav_ff             ; 81                          ;
;     CLR               ; 33                          ;
;     ENA               ; 2                           ;
;     ENA CLR           ; 11                          ;
;     ENA CLR SCLR      ; 8                           ;
;     ENA CLR SLD       ; 26                          ;
;     plain             ; 1                           ;
; arriav_lcell_comb     ; 752                         ;
;     arith             ; 24                          ;
;         1 data inputs ; 16                          ;
;         4 data inputs ; 8                           ;
;     normal            ; 728                         ;
;         1 data inputs ; 3                           ;
;         2 data inputs ; 272                         ;
;         3 data inputs ; 274                         ;
;         4 data inputs ; 22                          ;
;         5 data inputs ; 3                           ;
;         6 data inputs ; 154                         ;
; boundary_port         ; 12                          ;
;                       ;                             ;
; Max LUT depth         ; 5.00                        ;
; Average LUT depth     ; 4.31                        ;
+-----------------------+-----------------------------+


+-------------------------------+
; Elapsed Time Per Partition    ;
+----------------+--------------+
; Partition Name ; Elapsed Time ;
+----------------+--------------+
; Top            ; 00:00:00     ;
+----------------+--------------+


+-------------------------------+
; Analysis & Synthesis Messages ;
+-------------------------------+
Info: *******************************************************************
Info: Running Quartus Prime Analysis & Synthesis
    Info: Version 24.1std.0 Build 1077 03/04/2025 SC Lite Edition
    Info: Processing started: Sun Dec  7 00:10:43 2025
Info: Command: quartus_map --read_settings_files=on --write_settings_files=off Selection_Sort -c Selection_Sort
Warning (18236): Number of processors has not been specified which may cause overloading on shared machines.  Set the global assignment NUM_PARALLEL_PROCESSORS in your QSF to an appropriate value for best performance.
Info (20030): Parallel compilation is enabled and will use 4 of the 4 processors detected
Info (12021): Found 4 design units, including 4 entities, in source file /home/noname/Documents/project_tiny/Chapter5/Quesion_3/02_rtl/Swap_unit.sv
    Info (12023): Found entity 1: Swap_unit File: /home/noname/Documents/project_tiny/Chapter5/Quesion_3/02_rtl/Swap_unit.sv Line: 1
    Info (12023): Found entity 2: Swap_data File: /home/noname/Documents/project_tiny/Chapter5/Quesion_3/02_rtl/Swap_unit.sv Line: 163
    Info (12023): Found entity 3: Swap_addr File: /home/noname/Documents/project_tiny/Chapter5/Quesion_3/02_rtl/Swap_unit.sv Line: 201
    Info (12023): Found entity 4: demux1to2 File: /home/noname/Documents/project_tiny/Chapter5/Quesion_3/02_rtl/Swap_unit.sv Line: 240
Info (12021): Found 1 design units, including 1 entities, in source file /home/noname/Documents/project_tiny/Chapter5/Quesion_3/02_rtl/SinglePort_RAM.sv
    Info (12023): Found entity 1: SinglePort_RAM File: /home/noname/Documents/project_tiny/Chapter5/Quesion_3/02_rtl/SinglePort_RAM.sv Line: 1
Info (12021): Found 1 design units, including 1 entities, in source file /home/noname/Documents/project_tiny/Chapter5/Quesion_3/02_rtl/Selection_Sort.sv
    Info (12023): Found entity 1: Selection_Sort File: /home/noname/Documents/project_tiny/Chapter5/Quesion_3/02_rtl/Selection_Sort.sv Line: 1
Info (12021): Found 4 design units, including 4 entities, in source file /home/noname/Documents/project_tiny/Chapter5/Quesion_3/02_rtl/DataPath.sv
    Info (12023): Found entity 1: DataPath File: /home/noname/Documents/project_tiny/Chapter5/Quesion_3/02_rtl/DataPath.sv Line: 1
    Info (12023): Found entity 2: update_value_j File: /home/noname/Documents/project_tiny/Chapter5/Quesion_3/02_rtl/DataPath.sv Line: 114
    Info (12023): Found entity 3: update_value_i File: /home/noname/Documents/project_tiny/Chapter5/Quesion_3/02_rtl/DataPath.sv Line: 162
    Info (12023): Found entity 4: update_value_smmallest File: /home/noname/Documents/project_tiny/Chapter5/Quesion_3/02_rtl/DataPath.sv Line: 208
Info (12021): Found 1 design units, including 1 entities, in source file /home/noname/Documents/project_tiny/Chapter5/Quesion_3/02_rtl/ControlUnit.sv
    Info (12023): Found entity 1: ControlUnit File: /home/noname/Documents/project_tiny/Chapter5/Quesion_3/02_rtl/ControlUnit.sv Line: 1
Info (12127): Elaborating entity "Selection_Sort" for the top level hierarchy
Info (12128): Elaborating entity "ControlUnit" for hierarchy "ControlUnit:CONTROL_UNIT" File: /home/noname/Documents/project_tiny/Chapter5/Quesion_3/02_rtl/Selection_Sort.sv Line: 34
Info (12128): Elaborating entity "DataPath" for hierarchy "DataPath:DATAPATH_UNIT" File: /home/noname/Documents/project_tiny/Chapter5/Quesion_3/02_rtl/Selection_Sort.sv Line: 54
Info (12128): Elaborating entity "update_value_j" for hierarchy "DataPath:DATAPATH_UNIT|update_value_j:UPDATE_VALUE_J_UNIT" File: /home/noname/Documents/project_tiny/Chapter5/Quesion_3/02_rtl/DataPath.sv Line: 50
Info (12128): Elaborating entity "update_value_i" for hierarchy "DataPath:DATAPATH_UNIT|update_value_i:UPDATE_VALUE_I_UNIT" File: /home/noname/Documents/project_tiny/Chapter5/Quesion_3/02_rtl/DataPath.sv Line: 72
Info (12128): Elaborating entity "update_value_smmallest" for hierarchy "DataPath:DATAPATH_UNIT|update_value_smmallest:UPDATE_VALUE_SMALLEST_UNIT" File: /home/noname/Documents/project_tiny/Chapter5/Quesion_3/02_rtl/DataPath.sv Line: 90
Info (12128): Elaborating entity "Swap_unit" for hierarchy "DataPath:DATAPATH_UNIT|Swap_unit:SWAP_UNIT" File: /home/noname/Documents/project_tiny/Chapter5/Quesion_3/02_rtl/DataPath.sv Line: 109
Info (12128): Elaborating entity "demux1to2" for hierarchy "DataPath:DATAPATH_UNIT|Swap_unit:SWAP_UNIT|demux1to2:DEMUX_1_TO_2" File: /home/noname/Documents/project_tiny/Chapter5/Quesion_3/02_rtl/Swap_unit.sv Line: 65
Info (12128): Elaborating entity "Swap_data" for hierarchy "DataPath:DATAPATH_UNIT|Swap_unit:SWAP_UNIT|Swap_data:SWAP_DATA_UNIT" File: /home/noname/Documents/project_tiny/Chapter5/Quesion_3/02_rtl/Swap_unit.sv Line: 132
Info (12128): Elaborating entity "Swap_addr" for hierarchy "DataPath:DATAPATH_UNIT|Swap_unit:SWAP_UNIT|Swap_addr:SWAP_ADDR_UNIT" File: /home/noname/Documents/project_tiny/Chapter5/Quesion_3/02_rtl/Swap_unit.sv Line: 145
Info (12128): Elaborating entity "SinglePort_RAM" for hierarchy "SinglePort_RAM:RAM_UNIT" File: /home/noname/Documents/project_tiny/Chapter5/Quesion_3/02_rtl/Selection_Sort.sv Line: 74
Warning (12241): 1 hierarchies have connectivity warnings - see the Connectivity Checks report folder
Warning (13004): Presettable and clearable registers converted to equivalent circuits with latches. Registers power-up to an undefined state, and DEVCLRn places the registers in an undefined state.
    Warning (13310): Register "SinglePort_RAM:RAM_UNIT|mem_unit.waddr_a[7]" is converted into an equivalent circuit using register "SinglePort_RAM:RAM_UNIT|mem_unit.waddr_a[7]~_emulated" and latch "SinglePort_RAM:RAM_UNIT|mem_unit.waddr_a[7]~1" File: /home/noname/Documents/project_tiny/Chapter5/Quesion_3/02_rtl/SinglePort_RAM.sv Line: 19
    Warning (13310): Register "SinglePort_RAM:RAM_UNIT|mem_unit.waddr_a[6]" is converted into an equivalent circuit using register "SinglePort_RAM:RAM_UNIT|mem_unit.waddr_a[6]~_emulated" and latch "SinglePort_RAM:RAM_UNIT|mem_unit.waddr_a[6]~5" File: /home/noname/Documents/project_tiny/Chapter5/Quesion_3/02_rtl/SinglePort_RAM.sv Line: 19
    Warning (13310): Register "SinglePort_RAM:RAM_UNIT|mem_unit.waddr_a[0]" is converted into an equivalent circuit using register "SinglePort_RAM:RAM_UNIT|mem_unit.waddr_a[0]~_emulated" and latch "SinglePort_RAM:RAM_UNIT|mem_unit.waddr_a[0]~9" File: /home/noname/Documents/project_tiny/Chapter5/Quesion_3/02_rtl/SinglePort_RAM.sv Line: 19
    Warning (13310): Register "SinglePort_RAM:RAM_UNIT|mem_unit.waddr_a[1]" is converted into an equivalent circuit using register "SinglePort_RAM:RAM_UNIT|mem_unit.waddr_a[1]~_emulated" and latch "SinglePort_RAM:RAM_UNIT|mem_unit.waddr_a[1]~13" File: /home/noname/Documents/project_tiny/Chapter5/Quesion_3/02_rtl/SinglePort_RAM.sv Line: 19
    Warning (13310): Register "SinglePort_RAM:RAM_UNIT|mem_unit.waddr_a[2]" is converted into an equivalent circuit using register "SinglePort_RAM:RAM_UNIT|mem_unit.waddr_a[2]~_emulated" and latch "SinglePort_RAM:RAM_UNIT|mem_unit.waddr_a[2]~17" File: /home/noname/Documents/project_tiny/Chapter5/Quesion_3/02_rtl/SinglePort_RAM.sv Line: 19
    Warning (13310): Register "SinglePort_RAM:RAM_UNIT|mem_unit.waddr_a[3]" is converted into an equivalent circuit using register "SinglePort_RAM:RAM_UNIT|mem_unit.waddr_a[3]~_emulated" and latch "SinglePort_RAM:RAM_UNIT|mem_unit.waddr_a[3]~21" File: /home/noname/Documents/project_tiny/Chapter5/Quesion_3/02_rtl/SinglePort_RAM.sv Line: 19
    Warning (13310): Register "SinglePort_RAM:RAM_UNIT|mem_unit.waddr_a[4]" is converted into an equivalent circuit using register "SinglePort_RAM:RAM_UNIT|mem_unit.waddr_a[4]~_emulated" and latch "SinglePort_RAM:RAM_UNIT|mem_unit.waddr_a[4]~25" File: /home/noname/Documents/project_tiny/Chapter5/Quesion_3/02_rtl/SinglePort_RAM.sv Line: 19
    Warning (13310): Register "SinglePort_RAM:RAM_UNIT|mem_unit.waddr_a[5]" is converted into an equivalent circuit using register "SinglePort_RAM:RAM_UNIT|mem_unit.waddr_a[5]~_emulated" and latch "SinglePort_RAM:RAM_UNIT|mem_unit.waddr_a[5]~29" File: /home/noname/Documents/project_tiny/Chapter5/Quesion_3/02_rtl/SinglePort_RAM.sv Line: 19
Info (286030): Timing-Driven Synthesis is running
Info (17049): 24 registers lost all their fanouts during netlist optimizations.
Info (16010): Generating hard_block partition "hard_block:auto_generated_inst"
    Info (16011): Adding 0 node(s), including 0 DDIO, 0 PLL, 0 transceiver and 0 LCELL
Info (21057): Implemented 804 device resources after synthesis - the final resource count might be different
    Info (21058): Implemented 11 input pins
    Info (21059): Implemented 1 output pins
    Info (21061): Implemented 792 logic cells
Info: Quartus Prime Analysis & Synthesis was successful. 0 errors, 11 warnings
    Info: Peak virtual memory: 489 megabytes
    Info: Processing ended: Sun Dec  7 00:10:51 2025
    Info: Elapsed time: 00:00:08
    Info: Total CPU time (on all processors): 00:00:22


