Finished reading file: ./tools/unsorted.txt
Check Selection_Sort Standard: PASS
Finish write file './Reports/COMPILE_REPORT/sorted_standard.txt'.
Check Selection_Sort Cus: PASS
Finish write file './Reports/COMPILE_REPORT/sorted_cus.txt'.
Data_key = 0
temp_min = 0
temp_data = 1
temp_min = 0
temp_data = 2
temp_min = 0
temp_data = 3
temp_min = 0
temp_data = 4
temp_min = 0
temp_data = 5
temp_min = 0
temp_data = 6
temp_min = 0
temp_data = 7
temp_min = 0
temp_data = 8
temp_min = 0
temp_data = 9
temp_min = 0
temp_data = 10
temp_min = 0
temp_data = 11
temp_min = 0
temp_data = 12
temp_min = 0
temp_data = 13
temp_min = 0
temp_data = 14
temp_min = 0
temp_data = 15
temp_min = 0
Data_key = 1
temp_min = 1
temp_data = 2
temp_min = 1
temp_data = 3
temp_min = 1
temp_data = 4
temp_min = 1
temp_data = 5
temp_min = 1
temp_data = 6
temp_min = 1
temp_data = 7
temp_min = 1
temp_data = 8
temp_min = 1
temp_data = 9
temp_min = 1
temp_data = 10
temp_min = 1
temp_data = 11
temp_min = 1
temp_data = 12
temp_min = 1
temp_data = 13
temp_min = 1
temp_data = 14
temp_min = 1
temp_data = 15
temp_min = 1
Data_key = 2
temp_min = 2
temp_data = 3
temp_min = 2
temp_data = 4
temp_min = 2
temp_data = 5
temp_min = 2
temp_data = 6
temp_min = 2
temp_data = 7
temp_min = 2
temp_data = 8
temp_min = 2
temp_data = 9
temp_min = 2
temp_data = 10
temp_min = 2
temp_data = 11
temp_min = 2
temp_data = 12
temp_min = 2
temp_data = 13
temp_min = 2
temp_data = 14
temp_min = 2
temp_data = 15
temp_min = 2
Data_key = 3
temp_min = 3
temp_data = 4
temp_min = 3
temp_data = 5
temp_min = 3
temp_data = 6
temp_min = 3
temp_data = 7
temp_min = 3
temp_data = 8
temp_min = 3
temp_data = 9
temp_min = 3
temp_data = 10
temp_min = 3
temp_data = 11
temp_min = 3
temp_data = 12
temp_min = 3
temp_data = 13
temp_min = 3
temp_data = 14
temp_min = 3
temp_data = 15
temp_min = 3
Data_key = 4
temp_min = 4
temp_data = 5
temp_min = 4
temp_data = 6
temp_min = 4
temp_data = 7
temp_min = 4
temp_data = 8
temp_min = 4
temp_data = 9
temp_min = 4
temp_data = 10
temp_min = 4
temp_data = 11
temp_min = 4
temp_data = 12
temp_min = 4
temp_data = 13
temp_min = 4
temp_data = 14
temp_min = 4
temp_data = 15
temp_min = 4
Data_key = 5
temp_min = 5
temp_data = 6
temp_min = 5
temp_data = 7
temp_min = 5
temp_data = 8
temp_min = 5
temp_data = 9
temp_min = 5
temp_data = 10
temp_min = 5
temp_data = 11
temp_min = 5
temp_data = 12
temp_min = 5
temp_data = 13
temp_min = 5
temp_data = 14
temp_min = 5
temp_data = 15
temp_min = 5
Data_key = 6
temp_min = 6
temp_data = 7
temp_min = 6
temp_data = 8
temp_min = 6
temp_data = 9
temp_min = 6
temp_data = 10
temp_min = 6
temp_data = 11
temp_min = 6
temp_data = 12
temp_min = 6
temp_data = 13
temp_min = 6
temp_data = 14
temp_min = 6
temp_data = 15
temp_min = 6
Data_key = 7
temp_min = 7
temp_data = 8
temp_min = 7
temp_data = 9
temp_min = 7
temp_data = 10
temp_min = 7
temp_data = 11
temp_min = 7
temp_data = 12
temp_min = 7
temp_data = 13
temp_min = 7
temp_data = 14
temp_min = 7
temp_data = 15
temp_min = 7
Data_key = 8
temp_min = 8
temp_data = 9
temp_min = 8
temp_data = 10
temp_min = 8
temp_data = 11
temp_min = 8
temp_data = 12
temp_min = 8
temp_data = 13
temp_min = 8
temp_data = 14
temp_min = 8
temp_data = 15
temp_min = 8
Data_key = 9
temp_min = 9
temp_data = 10
temp_min = 9
temp_data = 11
temp_min = 9
temp_data = 12
temp_min = 9
temp_data = 13
temp_min = 9
temp_data = 14
temp_min = 9
temp_data = 15
temp_min = 9
Data_key = 10
temp_min = 10
temp_data = 11
temp_min = 10
temp_data = 12
temp_min = 10
temp_data = 13
temp_min = 10
temp_data = 14
temp_min = 10
temp_data = 15
temp_min = 10
Data_key = 11
temp_min = 11
temp_data = 12
temp_min = 11
temp_data = 13
temp_min = 11
temp_data = 14
temp_min = 11
temp_data = 15
temp_min = 11
Data_key = 12
temp_min = 12
temp_data = 13
temp_min = 12
temp_data = 14
temp_min = 12
temp_data = 15
temp_min = 12
Data_key = 13
temp_min = 13
temp_data = 14
temp_min = 13
temp_data = 15
temp_min = 13
Data_key = 14
temp_min = 14
temp_data = 15
temp_min = 14
Data_key = 15
Check Selection_Sort Hardware: PASS
Finish write file './Reports/COMPILE_REPORT/sorted_hardware.txt'.
