\BOOKMARK [1][]{Doc-Start}{\376\377\000C\000\342\000u\000\040\0001}{}% 1
\BOOKMARK [2][]{figure.caption.2}{\376\377\000a\000\051}{Doc-Start}% 2
\BOOKMARK [2][]{table.caption.3}{\376\377\000b\000\051}{Doc-Start}% 3
\BOOKMARK [2][]{table.caption.4}{\376\377\000c\000\051}{Doc-Start}% 4
\BOOKMARK [2][]{figure.caption.5}{\376\377\000d\000\051}{Doc-Start}% 5
\BOOKMARK [2][]{figure.caption.8}{\376\377\000e\000\051}{Doc-Start}% 6
\BOOKMARK [1][]{figure.caption.10}{\376\377\000C\000\342\000u\000\040\0002}{}% 7
\BOOKMARK [2][]{figure.caption.11}{\376\377\000a\000\051}{figure.caption.10}% 8
\BOOKMARK [2][]{figure.caption.13}{\376\377\000b\000\051}{figure.caption.10}% 9
\BOOKMARK [2][]{figure.caption.14}{\376\377\000c\000\051}{figure.caption.10}% 10
\BOOKMARK [2][]{figure.caption.17}{\376\377\000d\000\051}{figure.caption.10}% 11
\BOOKMARK [1][]{figure.caption.19}{\376\377\000C\000\342\000u\000\040\0003}{}% 12
\BOOKMARK [2][]{figure.caption.20}{\376\377\000a\000\051}{figure.caption.19}% 13
\BOOKMARK [2][]{figure.caption.23}{\376\377\000b\000\051}{figure.caption.19}% 14
\BOOKMARK [2][]{figure.caption.24}{\376\377\000c\000\051}{figure.caption.19}% 15
\BOOKMARK [2][]{figure.caption.29}{\376\377\000d\000\051}{figure.caption.19}% 16
\BOOKMARK [2][]{figure.caption.30}{\376\377\000e\000\051}{figure.caption.19}% 17
\BOOKMARK [1][]{figure.caption.32}{\376\377\000C\000\342\000u\000\040\0004}{}% 18
\BOOKMARK [2][]{figure.caption.34}{\376\377\000a\000\051}{figure.caption.32}% 19
\BOOKMARK [2][]{figure.caption.36}{\376\377\000b\000\051}{figure.caption.32}% 20
\BOOKMARK [2][]{figure.caption.37}{\376\377\000c\000\051}{figure.caption.32}% 21
\BOOKMARK [2][]{figure.caption.39}{\376\377\000d\000\051}{figure.caption.32}% 22
